<?xml version="1.0" encoding="UTF-8"?>
<!-- Generated by org.testng.reporters.JUnitXMLReporter -->
<testsuite hostname="azstorageexp" name="ChromeTest" tests="5" failures="0" timestamp="18 Feb 2020 04:29:57 GMT" time="42.5" errors="0">
  <testcase name="homePageTitleTest" time="4.738" classname="com.mindtree.sdet.test.HomePageTest"/>
  <testcase name="clickSignInTest" time="4.906" classname="com.mindtree.sdet.test.HomePageTest"/>
  <testcase name="registerUserTest" time="2.234" classname="com.mindtree.sdet.test.LoginPageTest"/>
  <testcase name="loginTextTest" time="2.377" classname="com.mindtree.sdet.test.LandingPageTest"/>
  <testcase name="clickAllFurnTest" time="0.742" classname="com.mindtree.sdet.test.LandingPageTest"/>
</testsuite> <!-- ChromeTest -->
