<?xml version="1.0" encoding="UTF-8"?>
<!-- Generated by org.testng.reporters.JUnitXMLReporter -->
<testsuite hostname="azstorageexp" name="ChromeTest" tests="5" failures="0" timestamp="23 Feb 2020 02:56:39 GMT" time="42.555" errors="0">
  <testcase name="homePageTitleTest" time="4.758" classname="com.mindtree.sdet.test.HomePageTest"/>
  <testcase name="clickSignInTest" time="4.952" classname="com.mindtree.sdet.test.HomePageTest"/>
  <testcase name="registerUserTest" time="2.402" classname="com.mindtree.sdet.test.LoginPageTest"/>
  <testcase name="loginTextTest" time="2.476" classname="com.mindtree.sdet.test.LandingPageTest"/>
  <testcase name="clickAllFurnTest" time="0.898" classname="com.mindtree.sdet.test.LandingPageTest"/>
</testsuite> <!-- ChromeTest -->
