<?xml version="1.0" encoding="UTF-8"?>
<!-- Generated by org.testng.reporters.JUnitXMLReporter -->
<testsuite hostname="sushants-Air.attlocal.net" name="FirefoxTest" tests="2" failures="0" timestamp="11 Feb 2020 02:46:38 GMT" time="0.099" errors="0">
  <testcase name="@BeforeMethod driverSetUp" time="0.0" classname="com.mindtree.sdet.test.HomePageTest">
    <failure type="java.lang.IllegalMonitorStateException">
      <![CDATA[java.lang.IllegalMonitorStateException
	at java.lang.Object.notify(Native Method)
	at com.mindtree.sdet.util.DriverManager.getWebdriver(DriverManager.java:49)
	at com.mindtree.sdet.util.InitializeDriver.initialize(InitializeDriver.java:53)
	at com.mindtree.sdet.pages.PageBase.driverSetUp(PageBase.java:98)
... Removed 26 stack frames]]>
    </failure>
  </testcase> <!-- @BeforeMethod driverSetUp -->
  <testcase name="@BeforeMethod setUp" time="0.0" classname="com.mindtree.sdet.test.HomePageTest">
    <skipped/>
  </testcase> <!-- @BeforeMethod setUp -->
  <testcase name="@BeforeMethod driverSetUp" time="0.0" classname="com.mindtree.sdet.test.HomePageTest">
    <failure type="java.lang.IllegalMonitorStateException">
      <![CDATA[java.lang.IllegalMonitorStateException
	at java.lang.Object.notify(Native Method)
	at com.mindtree.sdet.util.DriverManager.getWebdriver(DriverManager.java:49)
	at com.mindtree.sdet.util.InitializeDriver.initialize(InitializeDriver.java:53)
	at com.mindtree.sdet.pages.PageBase.driverSetUp(PageBase.java:98)
... Removed 26 stack frames]]>
    </failure>
  </testcase> <!-- @BeforeMethod driverSetUp -->
  <testcase name="@BeforeMethod setUp" time="0.0" classname="com.mindtree.sdet.test.HomePageTest">
    <skipped/>
  </testcase> <!-- @BeforeMethod setUp -->
  <testcase name="homePageTitleTest" time="0.0" classname="com.mindtree.sdet.test.HomePageTest">
    <skipped/>
  </testcase> <!-- homePageTitleTest -->
  <testcase name="clickSignInTest" time="0.001" classname="com.mindtree.sdet.test.HomePageTest">
    <skipped/>
  </testcase> <!-- clickSignInTest -->
</testsuite> <!-- FirefoxTest -->
