<?xml version="1.0" encoding="UTF-8"?>
<testng-results skipped="0" failed="0" total="2" passed="2">
  <reporter-output>
  </reporter-output>
  <suite name="Suite" duration-ms="20433" started-at="2020-02-17T04:58:17Z" finished-at="2020-02-17T04:58:37Z">
    <groups>
    </groups>
    <test name="ChromeTest" duration-ms="20433" started-at="2020-02-17T04:58:17Z" finished-at="2020-02-17T04:58:37Z">
      <class name="com.mindtree.sdet.test.HomePageTest">
        <test-method status="PASS" signature="setUp(java.lang.String, java.lang.String, java.lang.String)[pri:0, instance:com.mindtree.sdet.test.HomePageTest@30b8a058]" name="setUp" is-config="true" duration-ms="11" started-at="2020-02-17T04:58:17Z" finished-at="2020-02-17T04:58:17Z">
          <params>
            <param index="0">
              <value>
                <![CDATA[chrome]]>
              </value>
            </param>
            <param index="1">
              <value>
                <![CDATA[http://okmry52647dns.eastus.cloudapp.azure.com:9090]]>
              </value>
            </param>
            <param index="2">
              <value>
                <![CDATA[no]]>
              </value>
            </param>
          </params>
          <reporter-output>
          </reporter-output>
        </test-method> <!-- setUp -->
        <test-method status="PASS" signature="driverSetUp(java.lang.reflect.Method)[pri:0, instance:com.mindtree.sdet.test.HomePageTest@30b8a058]" name="driverSetUp" is-config="true" duration-ms="5090" started-at="2020-02-17T04:58:17Z" finished-at="2020-02-17T04:58:22Z">
          <params>
            <param index="0">
              <value>
                <![CDATA[public void com.mindtree.sdet.test.HomePageTest.homePageTitleTest(java.lang.reflect.Method) throws java.lang.InterruptedException]]>
              </value>
            </param>
          </params>
          <reporter-output>
          </reporter-output>
        </test-method> <!-- driverSetUp -->
        <test-method status="PASS" signature="setUp()[pri:0, instance:com.mindtree.sdet.test.HomePageTest@30b8a058]" name="setUp" is-config="true" duration-ms="31" started-at="2020-02-17T04:58:22Z" finished-at="2020-02-17T04:58:22Z">
          <reporter-output>
          </reporter-output>
        </test-method> <!-- setUp -->
        <test-method status="PASS" signature="homePageTitleTest(java.lang.reflect.Method)[pri:0, instance:com.mindtree.sdet.test.HomePageTest@30b8a058]" name="homePageTitleTest" duration-ms="4749" started-at="2020-02-17T04:58:22Z" finished-at="2020-02-17T04:58:27Z">
          <params>
            <param index="0">
              <value>
                <![CDATA[public void com.mindtree.sdet.test.HomePageTest.homePageTitleTest(java.lang.reflect.Method) throws java.lang.InterruptedException]]>
              </value>
            </param>
          </params>
          <reporter-output>
          </reporter-output>
        </test-method> <!-- homePageTitleTest -->
        <test-method status="PASS" signature="tearDownAfterMethod()[pri:0, instance:com.mindtree.sdet.test.HomePageTest@30b8a058]" name="tearDownAfterMethod" is-config="true" duration-ms="629" started-at="2020-02-17T04:58:27Z" finished-at="2020-02-17T04:58:28Z">
          <reporter-output>
          </reporter-output>
        </test-method> <!-- tearDownAfterMethod -->
        <test-method status="PASS" signature="driverSetUp(java.lang.reflect.Method)[pri:0, instance:com.mindtree.sdet.test.HomePageTest@30b8a058]" name="driverSetUp" is-config="true" duration-ms="4070" started-at="2020-02-17T04:58:28Z" finished-at="2020-02-17T04:58:32Z">
          <params>
            <param index="0">
              <value>
                <![CDATA[public void com.mindtree.sdet.test.HomePageTest.clickSignInTest(java.lang.reflect.Method) throws java.lang.InterruptedException]]>
              </value>
            </param>
          </params>
          <reporter-output>
          </reporter-output>
        </test-method> <!-- driverSetUp -->
        <test-method status="PASS" signature="clickSignInTest(java.lang.reflect.Method)[pri:0, instance:com.mindtree.sdet.test.HomePageTest@30b8a058]" name="clickSignInTest" duration-ms="4918" started-at="2020-02-17T04:58:32Z" finished-at="2020-02-17T04:58:37Z">
          <params>
            <param index="0">
              <value>
                <![CDATA[public void com.mindtree.sdet.test.HomePageTest.clickSignInTest(java.lang.reflect.Method) throws java.lang.InterruptedException]]>
              </value>
            </param>
          </params>
          <reporter-output>
          </reporter-output>
        </test-method> <!-- clickSignInTest -->
        <test-method status="PASS" signature="setUp()[pri:0, instance:com.mindtree.sdet.test.HomePageTest@30b8a058]" name="setUp" is-config="true" duration-ms="0" started-at="2020-02-17T04:58:32Z" finished-at="2020-02-17T04:58:32Z">
          <reporter-output>
          </reporter-output>
        </test-method> <!-- setUp -->
        <test-method status="PASS" signature="tearDownAfterMethod()[pri:0, instance:com.mindtree.sdet.test.HomePageTest@30b8a058]" name="tearDownAfterMethod" is-config="true" duration-ms="602" started-at="2020-02-17T04:58:37Z" finished-at="2020-02-17T04:58:37Z">
          <reporter-output>
          </reporter-output>
        </test-method> <!-- tearDownAfterMethod -->
        <test-method status="PASS" signature="tearDown()[pri:0, instance:com.mindtree.sdet.test.HomePageTest@30b8a058]" name="tearDown" is-config="true" duration-ms="318" started-at="2020-02-17T04:58:37Z" finished-at="2020-02-17T04:58:37Z">
          <reporter-output>
          </reporter-output>
        </test-method> <!-- tearDown -->
      </class> <!-- com.mindtree.sdet.test.HomePageTest -->
    </test> <!-- ChromeTest -->
  </suite> <!-- Suite -->
</testng-results>
